<?xml version="1.0" encoding="UTF-8"?>
<!-- Generated by org.testng.reporters.JUnitReportReporter -->
<testsuite skipped="0" hostname="DESKTOP-KCIJNI5" name="edu.eci.cvds.tdd.AppTest" tests="1" failures="0" timestamp="2020-08-26T17:43:11 COT" time="0.038" errors="0">
  <testcase name="testApp" time="0.038" classname="edu.eci.cvds.tdd.AppTest"/>
  <system-out/>
</testsuite> <!-- edu.eci.cvds.tdd.AppTest -->
